[0728/024908:ERROR:process_info.cc(608)] range at 0xac8d395600000000, size 0x1b6 fully unreadable
[0728/024908:ERROR:process_info.cc(608)] range at 0xac8d39bc00000000, size 0x1b6 fully unreadable
[0728/024908:ERROR:process_info.cc(608)] range at 0x0, size 0x1b6 fully unreadable
[0728/024908:ERROR:process_reader_win.cc(141)] SuspendThread: Access is denied. (0x5)
[0728/024908:ERROR:exception_snapshot_win.cc(57)] thread ID 1544 not found in process
[0728/024908:WARNING:crash_report_exception_handler.cc(60)] ProcessSnapshotWin::InitializeException failed
[0728/024908:ERROR:process_info.cc(608)] range at 0xa4b2394e00000000, size 0x207 fully unreadable
[0728/024908:ERROR:process_info.cc(608)] range at 0xa4b239b400000000, size 0x207 fully unreadable
[0728/024910:ERROR:process_info.cc(608)] range at 0x0, size 0x207 fully unreadable
[0728/024910:ERROR:process_reader_win.cc(232)] ReadMemory at 0x207a4b20860 of 65536 bytes failed: Only part of a ReadProcessMemory or WriteProcessMemory request was completed. (0x12B)
[0728/024910:ERROR:process_reader_win.cc(232)] ReadMemory at 0x7ff9212a21e0 of 40 bytes failed: Only part of a ReadProcessMemory or WriteProcessMemory request was completed. (0x12B)
[0728/024910:ERROR:process_snapshot_win.cc(517)] failed to read RTL_CRITICAL_SECTION
[0728/024910:ERROR:process_reader_win.cc(232)] ReadMemory at 0x7ff794a00000 of 64 bytes failed: Only part of a ReadProcessMemory or WriteProcessMemory request was completed. (0x12B)
[0728/024910:WARNING:pe_image_reader.cc(280)] could not read dos header from C:\Program Files (x86)\Google\Chrome\Application\chrome.exe
[0728/024910:ERROR:process_reader_win.cc(232)] ReadMemory at 0x7ff921160000 of 64 bytes failed: Only part of a ReadProcessMemory or WriteProcessMemory request was completed. (0x12B)
[0728/024910:WARNING:pe_image_reader.cc(280)] could not read dos header from C:\WINDOWS\SYSTEM32\ntdll.dll
[0728/024910:ERROR:process_reader_win.cc(232)] ReadMemory at 0x7ff91e010000 of 64 bytes failed: Only part of a ReadProcessMemory or WriteProcessMemory request was completed. (0x12B)
[0728/024910:WARNING:pe_image_reader.cc(280)] could not read dos header from C:\WINDOWS\system32\KERNELBASE.dll
[0728/024910:ERROR:process_reader_win.cc(232)] ReadMemory at 0x7ff91e8c0000 of 64 bytes failed: Only part of a ReadProcessMemory or WriteProcessMemory request was completed. (0x12B)
[0728/024910:WARNING:pe_image_reader.cc(280)] could not read dos header from C:\WINDOWS\system32\KERNEL32.DLL
[0728/024910:ERROR:process_reader_win.cc(232)] ReadMemory at 0x7ff91e980000 of 64 bytes failed: Only part of a ReadProcessMemory or WriteProcessMemory request was completed. (0x12B)
[0728/024910:WARNING:pe_image_reader.cc(280)] could not read dos header from C:\WINDOWS\system32\msvcrt.dll
[0728/024910:ERROR:process_reader_win.cc(232)] ReadMemory at 0x7ff91eaf0000 of 64 bytes failed: Only part of a ReadProcessMemory or WriteProcessMemory request was completed. (0x12B)
[0728/024910:WARNING:pe_image_reader.cc(280)] could not read dos header from C:\WINDOWS\system32\RPCRT4.dll
[0728/024910:ERROR:process_reader_win.cc(232)] ReadMemory at 0x7ff91f5e0000 of 64 bytes failed: Only part of a ReadProcessMemory or WriteProcessMemory request was completed. (0x12B)
[0728/024910:WARNING:pe_image_reader.cc(280)] could not read dos header from C:\WINDOWS\system32\sechost.dll
[0728/024910:ERROR:process_reader_win.cc(232)] ReadMemory at 0x7ff921090000 of 64 bytes failed: Only part of a ReadProcessMemory or WriteProcessMemory request was completed. (0x12B)
[0728/024910:WARNING:pe_image_reader.cc(280)] could not read dos header from C:\WINDOWS\system32\ADVAPI32.dll
[0728/024910:ERROR:process_reader_win.cc(232)] ReadMemory at 0x7ff91e3d0000 of 64 bytes failed: Only part of a ReadProcessMemory or WriteProcessMemory request was completed. (0x12B)
[0728/024910:WARNING:pe_image_reader.cc(280)] could not read dos header from C:\WINDOWS\system32\bcryptPrimitives.dll
[0728/024910:ERROR:process_reader_win.cc(232)] ReadMemory at 0x7ff91d260000 of 64 bytes failed: Only part of a ReadProcessMemory or WriteProcessMemory request was completed. (0x12B)
[0728/024910:WARNING:pe_image_reader.cc(280)] could not read dos header from C:\WINDOWS\SYSTEM32\CRYPTBASE.DLL
[0728/024910:ERROR:process_reader_win.cc(232)] ReadMemory at 0x7ff9176c0000 of 64 bytes failed: Only part of a ReadProcessMemory or WriteProcessMemory request was completed. (0x12B)
[0728/024910:WARNING:pe_image_reader.cc(280)] could not read dos header from C:\Program Files (x86)\Google\Chrome\Application\51.0.2704.106\chrome_elf.dll
[0728/024910:ERROR:process_reader_win.cc(232)] ReadMemory at 0x7ff91b1e0000 of 64 bytes failed: Only part of a ReadProcessMemory or WriteProcessMemory request was completed. (0x12B)
[0728/024910:WARNING:pe_image_reader.cc(280)] could not read dos header from C:\WINDOWS\SYSTEM32\VERSION.dll
[0728/024910:ERROR:process_reader_win.cc(232)] ReadMemory at 0x7ff91e460000 of 64 bytes failed: Only part of a ReadProcessMemory or WriteProcessMemory request was completed. (0x12B)
[0728/024910:WARNING:pe_image_reader.cc(280)] could not read dos header from C:\WINDOWS\system32\cfgmgr32.dll
[0728/024910:ERROR:process_reader_win.cc(232)] ReadMemory at 0x7ff91b340000 of 64 bytes failed: Only part of a ReadProcessMemory or WriteProcessMemory request was completed. (0x12B)
[0728/024910:WARNING:pe_image_reader.cc(280)] could not read dos header from C:\WINDOWS\SYSTEM32\WINMMBASE.dll
[0728/024910:ERROR:process_reader_win.cc(232)] ReadMemory at 0x7ff91e730000 of 64 bytes failed: Only part of a ReadProcessMemory or WriteProcessMemory request was completed. (0x12B)
[0728/024910:WARNING:pe_image_reader.cc(280)] could not read dos header from C:\WINDOWS\system32\GDI32.dll
[0728/024910:ERROR:process_reader_win.cc(232)] ReadMemory at 0x7ff91f6a0000 of 64 bytes failed: Only part of a ReadProcessMemory or WriteProcessMemory request was completed. (0x12B)
[0728/024910:WARNING:pe_image_reader.cc(280)] could not read dos header from C:\WINDOWS\system32\USER32.dll
[0728/024910:ERROR:process_reader_win.cc(232)] ReadMemory at 0x7ff91f320000 of 64 bytes failed: Only part of a ReadProcessMemory or WriteProcessMemory request was completed. (0x12B)
[0728/024910:WARNING:pe_image_reader.cc(280)] could not read dos header from C:\WINDOWS\system32\IMM32.DLL
[0728/024910:ERROR:process_reader_win.cc(232)] ReadMemory at 0x7ff91b370000 of 64 bytes failed: Only part of a ReadProcessMemory or WriteProcessMemory request was completed. (0x12B)
[0728/024910:WARNING:pe_image_reader.cc(280)] could not read dos header from C:\WINDOWS\SYSTEM32\WINMM.dll
[0728/024910:ERROR:process_reader_win.cc(232)] ReadMemory at 0x7ff91d760000 of 64 bytes failed: Only part of a ReadProcessMemory or WriteProcessMemory request was completed. (0x12B)
[0728/024910:WARNING:pe_image_reader.cc(280)] could not read dos header from C:\WINDOWS\system32\profapi.dll
[0728/024910:ERROR:process_reader_win.cc(232)] ReadMemory at 0x7ff91cf20000 of 64 bytes failed: Only part of a ReadProcessMemory or WriteProcessMemory request was completed. (0x12B)
[0728/024910:WARNING:pe_image_reader.cc(280)] could not read dos header from C:\WINDOWS\SYSTEM32\USERENV.dll
[0728/024910:ERROR:process_reader_win.cc(232)] ReadMemory at 0x7ff91c460000 of 64 bytes failed: Only part of a ReadProcessMemory or WriteProcessMemory request was completed. (0x12B)
[0728/024910:WARNING:pe_image_reader.cc(280)] could not read dos header from C:\WINDOWS\SYSTEM32\WTSAPI32.dll
[0728/024910:ERROR:process_reader_win.cc(232)] ReadMemory at 0x7ff912ac0000 of 64 bytes failed: Only part of a ReadProcessMemory or WriteProcessMemory request was completed. (0x12B)
[0728/024910:WARNING:pe_image_reader.cc(280)] could not read dos header from C:\WINDOWS\SYSTEM32\WINHTTP.dll
[0728/024910:ERROR:process_reader_win.cc(232)] ReadMemory at 0x7ff91f360000 of 64 bytes failed: Only part of a ReadProcessMemory or WriteProcessMemory request was completed. (0x12B)
[0728/024910:WARNING:pe_image_reader.cc(280)] could not read dos header from C:\WINDOWS\system32\combase.dll
[0728/024910:ERROR:process_reader_win.cc(232)] ReadMemory at 0x7ff91f640000 of 64 bytes failed: Only part of a ReadProcessMemory or WriteProcessMemory request was completed. (0x12B)
[0728/024910:WARNING:pe_image_reader.cc(280)] could not read dos header from C:\WINDOWS\system32\shlwapi.dll
[0728/024910:ERROR:process_reader_win.cc(232)] ReadMemory at 0x7ff91d780000 of 64 bytes failed: Only part of a ReadProcessMemory or WriteProcessMemory request was completed. (0x12B)
[0728/024910:WARNING:pe_image_reader.cc(280)] could not read dos header from C:\WINDOWS\system32\kernel.appcore.dll
[0728/024910:ERROR:process_reader_win.cc(232)] ReadMemory at 0x7ff91e200000 of 64 bytes failed: Only part of a ReadProcessMemory or WriteProcessMemory request was completed. (0x12B)
[0728/024910:WARNING:pe_image_reader.cc(280)] could not read dos header from C:\WINDOWS\system32\shcore.dll
[0728/024910:ERROR:process_reader_win.cc(232)] ReadMemory at 0x7ff91d790000 of 64 bytes failed: Only part of a ReadProcessMemory or WriteProcessMemory request was completed. (0x12B)
[0728/024910:WARNING:pe_image_reader.cc(280)] could not read dos header from C:\WINDOWS\system32\powrprof.dll
[0728/024910:ERROR:process_reader_win.cc(232)] ReadMemory at 0x7ff91d9c0000 of 64 bytes failed: Only part of a ReadProcessMemory or WriteProcessMemory request was completed. (0x12B)
[0728/024910:WARNING:pe_image_reader.cc(280)] could not read dos header from C:\WINDOWS\system32\windows.storage.dll
[0728/024910:ERROR:process_reader_win.cc(232)] ReadMemory at 0x7ff91f9c0000 of 64 bytes failed: Only part of a ReadProcessMemory or WriteProcessMemory request was completed. (0x12B)
[0728/024910:WARNING:pe_image_reader.cc(280)] could not read dos header from C:\WINDOWS\system32\SHELL32.dll
[0728/024910:ERROR:process_reader_win.cc(232)] ReadMemory at 0x7ff91f800000 of 64 bytes failed: Only part of a ReadProcessMemory or WriteProcessMemory request was completed. (0x12B)
[0728/024910:WARNING:pe_image_reader.cc(280)] could not read dos header from C:\WINDOWS\system32\PSAPI.DLL
[0728/024910:ERROR:process_reader_win.cc(232)] ReadMemory at 0x7ff91d360000 of 64 bytes failed: Only part of a ReadProcessMemory or WriteProcessMemory request was completed. (0x12B)
[0728/024910:WARNING:pe_image_reader.cc(280)] could not read dos header from C:\WINDOWS\SYSTEM32\bcrypt.dll
[0728/024910:ERROR:process_reader_win.cc(232)] ReadMemory at 0x7ff911240000 of 64 bytes failed: Only part of a ReadProcessMemory or WriteProcessMemory request was completed. (0x12B)
[0728/024910:WARNING:pe_image_reader.cc(280)] could not read dos header from C:\WINDOWS\SYSTEM32\WINSPOOL.DRV
[0728/024910:ERROR:process_reader_win.cc(232)] ReadMemory at 0x7ff90cb00000 of 64 bytes failed: Only part of a ReadProcessMemory or WriteProcessMemory request was completed. (0x12B)
[0728/024910:WARNING:pe_image_reader.cc(280)] could not read dos header from C:\WINDOWS\WinSxS\amd64_microsoft.windows.common-controls_6595b64144ccf1df_6.0.10586.494_none_a2d8b04ea53e3145\COMCTL32.dll
[0728/024910:ERROR:process_reader_win.cc(232)] ReadMemory at 0x7ff91e4b0000 of 64 bytes failed: Only part of a ReadProcessMemory or WriteProcessMemory request was completed. (0x12B)
[0728/024910:WARNING:pe_image_reader.cc(280)] could not read dos header from C:\WINDOWS\system32\FirewallAPI.dll
[0728/024910:ERROR:process_reader_win.cc(232)] ReadMemory at 0x7ff91bee0000 of 64 bytes failed: Only part of a ReadProcessMemory or WriteProcessMemory request was completed. (0x12B)
[0728/024910:WARNING:pe_image_reader.cc(280)] could not read dos header from C:\WINDOWS\system32\fwbase.dll
[0728/024910:ERROR:process_reader_win.cc(232)] ReadMemory at 0x7ff91e440000 of 64 bytes failed: Only part of a ReadProcessMemory or WriteProcessMemory request was completed. (0x12B)
[0728/024910:WARNING:pe_image_reader.cc(280)] could not read dos header from C:\WINDOWS\system32\NETAPI32.dll
[0728/024910:ERROR:process_reader_win.cc(232)] ReadMemory at 0x7ff917770000 of 64 bytes failed: Only part of a ReadProcessMemory or WriteProcessMemory request was completed. (0x12B)
[0728/024910:WARNING:pe_image_reader.cc(280)] could not read dos header from C:\WINDOWS\SYSTEM32\DAVHLPR.DLL
[0728/024910:ERROR:process_reader_win.cc(232)] ReadMemory at 0x7ff91e540000 of 64 bytes failed: Only part of a ReadProcessMemory or WriteProcessMemory request was completed. (0x12B)
[0728/024910:WARNING:pe_image_reader.cc(280)] could not read dos header from C:\WINDOWS\system32\COMDLG32.dll
[0728/024910:ERROR:process_reader_win.cc(232)] ReadMemory at 0x7ff920f20000 of 64 bytes failed: Only part of a ReadProcessMemory or WriteProcessMemory request was completed. (0x12B)
[0728/024910:WARNING:pe_image_reader.cc(280)] could not read dos header from C:\WINDOWS\system32\ole32.dll
[0728/024910:ERROR:process_reader_win.cc(232)] ReadMemory at 0x7ff91e650000 of 64 bytes failed: Only part of a ReadProcessMemory or WriteProcessMemory request was completed. (0x12B)
[0728/024910:WARNING:pe_image_reader.cc(280)] could not read dos header from C:\WINDOWS\system32\OLEAUT32.dll
[0728/024910:ERROR:process_reader_win.cc(232)] ReadMemory at 0x7ff913280000 of 64 bytes failed: Only part of a ReadProcessMemory or WriteProcessMemory request was completed. (0x12B)
[0728/024910:WARNING:pe_image_reader.cc(280)] could not read dos header from C:\WINDOWS\SYSTEM32\IPHLPAPI.DLL
[0728/024910:ERROR:process_reader_win.cc(232)] ReadMemory at 0x7ff91f200000 of 64 bytes failed: Only part of a ReadProcessMemory or WriteProcessMemory request was completed. (0x12B)
[0728/024910:WARNING:pe_image_reader.cc(280)] could not read dos header from C:\WINDOWS\system32\WS2_32.dll
[0728/024910:ERROR:process_reader_win.cc(232)] ReadMemory at 0x7ff921070000 of 64 bytes failed: Only part of a ReadProcessMemory or WriteProcessMemory request was completed. (0x12B)
[0728/024910:WARNING:pe_image_reader.cc(280)] could not read dos header from C:\WINDOWS\system32\USP10.dll
[0728/024910:ERROR:process_reader_win.cc(232)] ReadMemory at 0x7ff91d7e0000 of 64 bytes failed: Only part of a ReadProcessMemory or WriteProcessMemory request was completed. (0x12B)
[0728/024910:WARNING:pe_image_reader.cc(280)] could not read dos header from C:\WINDOWS\system32\MSASN1.dll
[0728/024910:ERROR:process_reader_win.cc(232)] ReadMemory at 0x7ff91d7f0000 of 64 bytes failed: Only part of a ReadProcessMemory or WriteProcessMemory request was completed. (0x12B)
[0728/024910:WARNING:pe_image_reader.cc(280)] could not read dos header from C:\WINDOWS\system32\CRYPT32.dll
[0728/024910:ERROR:process_reader_win.cc(232)] ReadMemory at 0x7ff91e370000 of 64 bytes failed: Only part of a ReadProcessMemory or WriteProcessMemory request was completed. (0x12B)
[0728/024910:WARNING:pe_image_reader.cc(280)] could not read dos header from C:\WINDOWS\system32\WINTRUST.dll
[0728/024910:ERROR:process_reader_win.cc(232)] ReadMemory at 0x7ff91cd00000 of 64 bytes failed: Only part of a ReadProcessMemory or WriteProcessMemory request was completed. (0x12B)
[0728/024910:WARNING:pe_image_reader.cc(280)] could not read dos header from C:\WINDOWS\SYSTEM32\Secur32.dll
[0728/024910:ERROR:process_reader_win.cc(232)] ReadMemory at 0x7ff91d470000 of 64 bytes failed: Only part of a ReadProcessMemory or WriteProcessMemory request was completed. (0x12B)
[0728/024910:WARNING:pe_image_reader.cc(280)] could not read dos header from C:\WINDOWS\SYSTEM32\SSPICLI.DLL
[0728/024910:ERROR:process_reader_win.cc(232)] ReadMemory at 0x7ff8e3ac0000 of 64 bytes failed: Only part of a ReadProcessMemory or WriteProcessMemory request was completed. (0x12B)
[0728/024910:WARNING:pe_image_reader.cc(280)] could not read dos header from C:\Program Files (x86)\Google\Chrome\Application\51.0.2704.106\chrome_child.dll
[0728/024910:ERROR:process_reader_win.cc(232)] ReadMemory at 0x7ff90f2a0000 of 64 bytes failed: Only part of a ReadProcessMemory or WriteProcessMemory request was completed. (0x12B)
[0728/024910:WARNING:pe_image_reader.cc(280)] could not read dos header from C:\WINDOWS\SYSTEM32\dwrite.dll
[0728/024910:ERROR:process_reader_win.cc(232)] ReadMemory at 0x7ff9212a5340 of 6656 bytes failed: Only part of a ReadProcessMemory or WriteProcessMemory request was completed. (0x12B)
[0728/024910:ERROR:process_reader_win.cc(232)] ReadMemory at 0x7ff794a00000 of 64 bytes failed: Only part of a ReadProcessMemory or WriteProcessMemory request was completed. (0x12B)
[0728/024910:WARNING:pe_image_reader.cc(280)] could not read dos header from C:\Program Files (x86)\Google\Chrome\Application\chrome.exe
[0728/024910:ERROR:process_reader_win.cc(232)] ReadMemory at 0x7ff921160000 of 64 bytes failed: Only part of a ReadProcessMemory or WriteProcessMemory request was completed. (0x12B)
[0728/024910:WARNING:pe_image_reader.cc(280)] could not read dos header from C:\WINDOWS\SYSTEM32\ntdll.dll
[0728/024910:ERROR:process_reader_win.cc(232)] ReadMemory at 0x7ff91e010000 of 64 bytes failed: Only part of a ReadProcessMemory or WriteProcessMemory request was completed. (0x12B)
[0728/024910:WARNING:pe_image_reader.cc(280)] could not read dos header from C:\WINDOWS\system32\KERNELBASE.dll
[0728/024910:ERROR:process_reader_win.cc(232)] ReadMemory at 0x7ff91e8c0000 of 64 bytes failed: Only part of a ReadProcessMemory or WriteProcessMemory request was completed. (0x12B)
[0728/024910:WARNING:pe_image_reader.cc(280)] could not read dos header from C:\WINDOWS\system32\KERNEL32.DLL
[0728/024910:ERROR:process_reader_win.cc(232)] ReadMemory at 0x7ff91e980000 of 64 bytes failed: Only part of a ReadProcessMemory or WriteProcessMemory request was completed. (0x12B)
[0728/024910:WARNING:pe_image_reader.cc(280)] could not read dos header from C:\WINDOWS\system32\msvcrt.dll
[0728/024910:ERROR:process_reader_win.cc(232)] ReadMemory at 0x7ff91eaf0000 of 64 bytes failed: Only part of a ReadProcessMemory or WriteProcessMemory request was completed. (0x12B)
[0728/024910:WARNING:pe_image_reader.cc(280)] could not read dos header from C:\WINDOWS\system32\RPCRT4.dll
[0728/024910:ERROR:process_reader_win.cc(232)] ReadMemory at 0x7ff91f5e0000 of 64 bytes failed: Only part of a ReadProcessMemory or WriteProcessMemory request was completed. (0x12B)
[0728/024910:WARNING:pe_image_reader.cc(280)] could not read dos header from C:\WINDOWS\system32\sechost.dll
[0728/024910:ERROR:process_reader_win.cc(232)] ReadMemory at 0x7ff921090000 of 64 bytes failed: Only part of a ReadProcessMemory or WriteProcessMemory request was completed. (0x12B)
[0728/024910:WARNING:pe_image_reader.cc(280)] could not read dos header from C:\WINDOWS\system32\ADVAPI32.dll
[0728/024910:ERROR:process_reader_win.cc(232)] ReadMemory at 0x7ff91e3d0000 of 64 bytes failed: Only part of a ReadProcessMemory or WriteProcessMemory request was completed. (0x12B)
[0728/024910:WARNING:pe_image_reader.cc(280)] could not read dos header from C:\WINDOWS\system32\bcryptPrimitives.dll
[0728/024910:ERROR:process_reader_win.cc(232)] ReadMemory at 0x7ff91d260000 of 64 bytes failed: Only part of a ReadProcessMemory or WriteProcessMemory request was completed. (0x12B)
[0728/024910:WARNING:pe_image_reader.cc(280)] could not read dos header from C:\WINDOWS\SYSTEM32\CRYPTBASE.DLL
[0728/024910:ERROR:process_reader_win.cc(232)] ReadMemory at 0x7ff9176c0000 of 64 bytes failed: Only part of a ReadProcessMemory or WriteProcessMemory request was completed. (0x12B)
[0728/024910:WARNING:pe_image_reader.cc(280)] could not read dos header from C:\Program Files (x86)\Google\Chrome\Application\51.0.2704.106\chrome_elf.dll
[0728/024910:ERROR:process_reader_win.cc(232)] ReadMemory at 0x7ff91b1e0000 of 64 bytes failed: Only part of a ReadProcessMemory or WriteProcessMemory request was completed. (0x12B)
[0728/024910:WARNING:pe_image_reader.cc(280)] could not read dos header from C:\WINDOWS\SYSTEM32\VERSION.dll
[0728/024910:ERROR:process_reader_win.cc(232)] ReadMemory at 0x7ff91e460000 of 64 bytes failed: Only part of a ReadProcessMemory or WriteProcessMemory request was completed. (0x12B)
[0728/024910:WARNING:pe_image_reader.cc(280)] could not read dos header from C:\WINDOWS\system32\cfgmgr32.dll
[0728/024910:ERROR:process_reader_win.cc(232)] ReadMemory at 0x7ff91b340000 of 64 bytes failed: Only part of a ReadProcessMemory or WriteProcessMemory request was completed. (0x12B)
[0728/024910:WARNING:pe_image_reader.cc(280)] could not read dos header from C:\WINDOWS\SYSTEM32\WINMMBASE.dll
[0728/024910:ERROR:process_reader_win.cc(232)] ReadMemory at 0x7ff91e730000 of 64 bytes failed: Only part of a ReadProcessMemory or WriteProcessMemory request was completed. (0x12B)
[0728/024910:WARNING:pe_image_reader.cc(280)] could not read dos header from C:\WINDOWS\system32\GDI32.dll
[0728/024910:ERROR:process_reader_win.cc(232)] ReadMemory at 0x7ff91f6a0000 of 64 bytes failed: Only part of a ReadProcessMemory or WriteProcessMemory request was completed. (0x12B)
[0728/024910:WARNING:pe_image_reader.cc(280)] could not read dos header from C:\WINDOWS\system32\USER32.dll
[0728/024910:ERROR:process_reader_win.cc(232)] ReadMemory at 0x7ff91f320000 of 64 bytes failed: Only part of a ReadProcessMemory or WriteProcessMemory request was completed. (0x12B)
[0728/024910:WARNING:pe_image_reader.cc(280)] could not read dos header from C:\WINDOWS\system32\IMM32.DLL
[0728/024910:ERROR:process_reader_win.cc(232)] ReadMemory at 0x7ff91b370000 of 64 bytes failed: Only part of a ReadProcessMemory or WriteProcessMemory request was completed. (0x12B)
[0728/024910:WARNING:pe_image_reader.cc(280)] could not read dos header from C:\WINDOWS\SYSTEM32\WINMM.dll
[0728/024910:ERROR:process_reader_win.cc(232)] ReadMemory at 0x7ff91d760000 of 64 bytes failed: Only part of a ReadProcessMemory or WriteProcessMemory request was completed. (0x12B)
[0728/024910:WARNING:pe_image_reader.cc(280)] could not read dos header from C:\WINDOWS\system32\profapi.dll
[0728/024910:ERROR:process_reader_win.cc(232)] ReadMemory at 0x7ff91cf20000 of 64 bytes failed: Only part of a ReadProcessMemory or WriteProcessMemory request was completed. (0x12B)
[0728/024910:WARNING:pe_image_reader.cc(280)] could not read dos header from C:\WINDOWS\SYSTEM32\USERENV.dll
[0728/024910:ERROR:process_reader_win.cc(232)] ReadMemory at 0x7ff91c460000 of 64 bytes failed: Only part of a ReadProcessMemory or WriteProcessMemory request was completed. (0x12B)
[0728/024910:WARNING:pe_image_reader.cc(280)] could not read dos header from C:\WINDOWS\SYSTEM32\WTSAPI32.dll
[0728/024910:ERROR:process_reader_win.cc(232)] ReadMemory at 0x7ff912ac0000 of 64 bytes failed: Only part of a ReadProcessMemory or WriteProcessMemory request was completed. (0x12B)
[0728/024910:WARNING:pe_image_reader.cc(280)] could not read dos header from C:\WINDOWS\SYSTEM32\WINHTTP.dll
[0728/024910:ERROR:process_reader_win.cc(232)] ReadMemory at 0x7ff91f360000 of 64 bytes failed: Only part of a ReadProcessMemory or WriteProcessMemory request was completed. (0x12B)
[0728/024910:WARNING:pe_image_reader.cc(280)] could not read dos header from C:\WINDOWS\system32\combase.dll
[0728/024910:ERROR:process_reader_win.cc(232)] ReadMemory at 0x7ff91f640000 of 64 bytes failed: Only part of a ReadProcessMemory or WriteProcessMemory request was completed. (0x12B)
[0728/024910:WARNING:pe_image_reader.cc(280)] could not read dos header from C:\WINDOWS\system32\shlwapi.dll
[0728/024910:ERROR:process_reader_win.cc(232)] ReadMemory at 0x7ff91d780000 of 64 bytes failed: Only part of a ReadProcessMemory or WriteProcessMemory request was completed. (0x12B)
[0728/024910:WARNING:pe_image_reader.cc(280)] could not read dos header from C:\WINDOWS\system32\kernel.appcore.dll
[0728/024910:ERROR:process_reader_win.cc(232)] ReadMemory at 0x7ff91e200000 of 64 bytes failed: Only part of a ReadProcessMemory or WriteProcessMemory request was completed. (0x12B)
[0728/024910:WARNING:pe_image_reader.cc(280)] could not read dos header from C:\WINDOWS\system32\shcore.dll
[0728/024910:ERROR:process_reader_win.cc(232)] ReadMemory at 0x7ff91d790000 of 64 bytes failed: Only part of a ReadProcessMemory or WriteProcessMemory request was completed. (0x12B)
[0728/024910:WARNING:pe_image_reader.cc(280)] could not read dos header from C:\WINDOWS\system32\powrprof.dll
[0728/024910:ERROR:process_reader_win.cc(232)] ReadMemory at 0x7ff91d9c0000 of 64 bytes failed: Only part of a ReadProcessMemory or WriteProcessMemory request was completed. (0x12B)
[0728/024910:WARNING:pe_image_reader.cc(280)] could not read dos header from C:\WINDOWS\system32\windows.storage.dll
[0728/024910:ERROR:process_reader_win.cc(232)] ReadMemory at 0x7ff91f9c0000 of 64 bytes failed: Only part of a ReadProcessMemory or WriteProcessMemory request was completed. (0x12B)
[0728/024910:WARNING:pe_image_reader.cc(280)] could not read dos header from C:\WINDOWS\system32\SHELL32.dll
[0728/024910:ERROR:process_reader_win.cc(232)] ReadMemory at 0x7ff91f800000 of 64 bytes failed: Only part of a ReadProcessMemory or WriteProcessMemory request was completed. (0x12B)
[0728/024910:WARNING:pe_image_reader.cc(280)] could not read dos header from C:\WINDOWS\system32\PSAPI.DLL
[0728/024910:ERROR:process_reader_win.cc(232)] ReadMemory at 0x7ff91d360000 of 64 bytes failed: Only part of a ReadProcessMemory or WriteProcessMemory request was completed. (0x12B)
[0728/024910:WARNING:pe_image_reader.cc(280)] could not read dos header from C:\WINDOWS\SYSTEM32\bcrypt.dll
[0728/024910:ERROR:process_reader_win.cc(232)] ReadMemory at 0x7ff911240000 of 64 bytes failed: Only part of a ReadProcessMemory or WriteProcessMemory request was completed. (0x12B)
[0728/024910:WARNING:pe_image_reader.cc(280)] could not read dos header from C:\WINDOWS\SYSTEM32\WINSPOOL.DRV
[0728/024910:ERROR:process_reader_win.cc(232)] ReadMemory at 0x7ff90cb00000 of 64 bytes failed: Only part of a ReadProcessMemory or WriteProcessMemory request was completed. (0x12B)
[0728/024910:WARNING:pe_image_reader.cc(280)] could not read dos header from C:\WINDOWS\WinSxS\amd64_microsoft.windows.common-controls_6595b64144ccf1df_6.0.10586.494_none_a2d8b04ea53e3145\COMCTL32.dll
[0728/024910:ERROR:process_reader_win.cc(232)] ReadMemory at 0x7ff91e4b0000 of 64 bytes failed: Only part of a ReadProcessMemory or WriteProcessMemory request was completed. (0x12B)
[0728/024910:WARNING:pe_image_reader.cc(280)] could not read dos header from C:\WINDOWS\system32\FirewallAPI.dll
[0728/024910:ERROR:process_reader_win.cc(232)] ReadMemory at 0x7ff91bee0000 of 64 bytes failed: Only part of a ReadProcessMemory or WriteProcessMemory request was completed. (0x12B)
[0728/024910:WARNING:pe_image_reader.cc(280)] could not read dos header from C:\WINDOWS\system32\fwbase.dll
[0728/024910:ERROR:process_reader_win.cc(232)] ReadMemory at 0x7ff91e440000 of 64 bytes failed: Only part of a ReadProcessMemory or WriteProcessMemory request was completed. (0x12B)
[0728/024910:WARNING:pe_image_reader.cc(280)] could not read dos header from C:\WINDOWS\system32\NETAPI32.dll
[0728/024910:ERROR:process_reader_win.cc(232)] ReadMemory at 0x7ff917770000 of 64 bytes failed: Only part of a ReadProcessMemory or WriteProcessMemory request was completed. (0x12B)
[0728/024910:WARNING:pe_image_reader.cc(280)] could not read dos header from C:\WINDOWS\SYSTEM32\DAVHLPR.DLL
[0728/024910:ERROR:process_reader_win.cc(232)] ReadMemory at 0x7ff91e540000 of 64 bytes failed: Only part of a ReadProcessMemory or WriteProcessMemory request was completed. (0x12B)
[0728/024910:WARNING:pe_image_reader.cc(280)] could not read dos header from C:\WINDOWS\system32\COMDLG32.dll
[0728/024910:ERROR:process_reader_win.cc(232)] ReadMemory at 0x7ff920f20000 of 64 bytes failed: Only part of a ReadProcessMemory or WriteProcessMemory request was completed. (0x12B)
[0728/024910:WARNING:pe_image_reader.cc(280)] could not read dos header from C:\WINDOWS\system32\ole32.dll
[0728/024910:ERROR:process_reader_win.cc(232)] ReadMemory at 0x7ff91e650000 of 64 bytes failed: Only part of a ReadProcessMemory or WriteProcessMemory request was completed. (0x12B)
[0728/024910:WARNING:pe_image_reader.cc(280)] could not read dos header from C:\WINDOWS\system32\OLEAUT32.dll
[0728/024910:ERROR:process_reader_win.cc(232)] ReadMemory at 0x7ff913280000 of 64 bytes failed: Only part of a ReadProcessMemory or WriteProcessMemory request was completed. (0x12B)
[0728/024910:WARNING:pe_image_reader.cc(280)] could not read dos header from C:\WINDOWS\SYSTEM32\IPHLPAPI.DLL
[0728/024910:ERROR:process_reader_win.cc(232)] ReadMemory at 0x7ff91f200000 of 64 bytes failed: Only part of a ReadProcessMemory or WriteProcessMemory request was completed. (0x12B)
[0728/024910:WARNING:pe_image_reader.cc(280)] could not read dos header from C:\WINDOWS\system32\WS2_32.dll
[0728/024910:ERROR:process_reader_win.cc(232)] ReadMemory at 0x7ff921070000 of 64 bytes failed: Only part of a ReadProcessMemory or WriteProcessMemory request was completed. (0x12B)
[0728/024910:WARNING:pe_image_reader.cc(280)] could not read dos header from C:\WINDOWS\system32\USP10.dll
[0728/024910:ERROR:process_reader_win.cc(232)] ReadMemory at 0x7ff91d7e0000 of 64 bytes failed: Only part of a ReadProcessMemory or WriteProcessMemory request was completed. (0x12B)
[0728/024910:WARNING:pe_image_reader.cc(280)] could not read dos header from C:\WINDOWS\system32\MSASN1.dll
[0728/024910:ERROR:process_reader_win.cc(232)] ReadMemory at 0x7ff91d7f0000 of 64 bytes failed: Only part of a ReadProcessMemory or WriteProcessMemory request was completed. (0x12B)
[0728/024910:WARNING:pe_image_reader.cc(280)] could not read dos header from C:\WINDOWS\system32\CRYPT32.dll
[0728/024910:ERROR:process_reader_win.cc(232)] ReadMemory at 0x7ff91e370000 of 64 bytes failed: Only part of a ReadProcessMemory or WriteProcessMemory request was completed. (0x12B)
[0728/024910:WARNING:pe_image_reader.cc(280)] could not read dos header from C:\WINDOWS\system32\WINTRUST.dll
[0728/024910:ERROR:process_reader_win.cc(232)] ReadMemory at 0x7ff91cd00000 of 64 bytes failed: Only part of a ReadProcessMemory or WriteProcessMemory request was completed. (0x12B)
[0728/024910:WARNING:pe_image_reader.cc(280)] could not read dos header from C:\WINDOWS\SYSTEM32\Secur32.dll
[0728/024910:ERROR:process_reader_win.cc(232)] ReadMemory at 0x7ff91d470000 of 64 bytes failed: Only part of a ReadProcessMemory or WriteProcessMemory request was completed. (0x12B)
[0728/024910:WARNING:pe_image_reader.cc(280)] could not read dos header from C:\WINDOWS\SYSTEM32\SSPICLI.DLL
[0728/024910:ERROR:process_reader_win.cc(232)] ReadMemory at 0x7ff8e3ac0000 of 64 bytes failed: Only part of a ReadProcessMemory or WriteProcessMemory request was completed. (0x12B)
[0728/024910:WARNING:pe_image_reader.cc(280)] could not read dos header from C:\Program Files (x86)\Google\Chrome\Application\51.0.2704.106\chrome_child.dll
[0728/024910:ERROR:process_reader_win.cc(232)] ReadMemory at 0x7ff90f2a0000 of 64 bytes failed: Only part of a ReadProcessMemory or WriteProcessMemory request was completed. (0x12B)
[0728/024910:WARNING:pe_image_reader.cc(280)] could not read dos header from C:\WINDOWS\SYSTEM32\dwrite.dll
[0728/024910:ERROR:process_reader_win.cc(98)] process 3372 not found
[0728/024910:ERROR:process_reader_win.cc(232)] ReadMemory at 0x7ff794a00000 of 64 bytes failed: Only part of a ReadProcessMemory or WriteProcessMemory request was completed. (0x12B)
[0728/024910:WARNING:pe_image_reader.cc(280)] could not read dos header from C:\Program Files (x86)\Google\Chrome\Application\chrome.exe
[0728/024910:ERROR:process_reader_win.cc(232)] ReadMemory at 0x7ff921160000 of 64 bytes failed: Only part of a ReadProcessMemory or WriteProcessMemory request was completed. (0x12B)
[0728/024910:WARNING:pe_image_reader.cc(280)] could not read dos header from C:\WINDOWS\SYSTEM32\ntdll.dll
[0728/024910:ERROR:process_reader_win.cc(232)] ReadMemory at 0x7ff91e010000 of 64 bytes failed: Only part of a ReadProcessMemory or WriteProcessMemory request was completed. (0x12B)
[0728/024910:WARNING:pe_image_reader.cc(280)] could not read dos header from C:\WINDOWS\system32\KERNELBASE.dll
[0728/024910:ERROR:process_reader_win.cc(232)] ReadMemory at 0x7ff91e8c0000 of 64 bytes failed: Only part of a ReadProcessMemory or WriteProcessMemory request was completed. (0x12B)
[0728/024910:WARNING:pe_image_reader.cc(280)] could not read dos header from C:\WINDOWS\system32\KERNEL32.DLL
[0728/024910:ERROR:process_reader_win.cc(232)] ReadMemory at 0x7ff91e980000 of 64 bytes failed: Only part of a ReadProcessMemory or WriteProcessMemory request was completed. (0x12B)
[0728/024910:WARNING:pe_image_reader.cc(280)] could not read dos header from C:\WINDOWS\system32\msvcrt.dll
[0728/024910:ERROR:process_reader_win.cc(232)] ReadMemory at 0x7ff91eaf0000 of 64 bytes failed: Only part of a ReadProcessMemory or WriteProcessMemory request was completed. (0x12B)
[0728/024910:WARNING:pe_image_reader.cc(280)] could not read dos header from C:\WINDOWS\system32\RPCRT4.dll
[0728/024910:ERROR:process_reader_win.cc(232)] ReadMemory at 0x7ff91f5e0000 of 64 bytes failed: Only part of a ReadProcessMemory or WriteProcessMemory request was completed. (0x12B)
[0728/024910:WARNING:pe_image_reader.cc(280)] could not read dos header from C:\WINDOWS\system32\sechost.dll
[0728/024910:ERROR:process_reader_win.cc(232)] ReadMemory at 0x7ff921090000 of 64 bytes failed: Only part of a ReadProcessMemory or WriteProcessMemory request was completed. (0x12B)
[0728/024910:WARNING:pe_image_reader.cc(280)] could not read dos header from C:\WINDOWS\system32\ADVAPI32.dll
[0728/024910:ERROR:process_reader_win.cc(232)] ReadMemory at 0x7ff91e3d0000 of 64 bytes failed: Only part of a ReadProcessMemory or WriteProcessMemory request was completed. (0x12B)
[0728/024910:WARNING:pe_image_reader.cc(280)] could not read dos header from C:\WINDOWS\system32\bcryptPrimitives.dll
[0728/024910:ERROR:process_reader_win.cc(232)] ReadMemory at 0x7ff91d260000 of 64 bytes failed: Only part of a ReadProcessMemory or WriteProcessMemory request was completed. (0x12B)
[0728/024910:WARNING:pe_image_reader.cc(280)] could not read dos header from C:\WINDOWS\SYSTEM32\CRYPTBASE.DLL
[0728/024910:ERROR:process_reader_win.cc(232)] ReadMemory at 0x7ff9176c0000 of 64 bytes failed: Only part of a ReadProcessMemory or WriteProcessMemory request was completed. (0x12B)
[0728/024910:WARNING:pe_image_reader.cc(280)] could not read dos header from C:\Program Files (x86)\Google\Chrome\Application\51.0.2704.106\chrome_elf.dll
[0728/024910:ERROR:process_reader_win.cc(232)] ReadMemory at 0x7ff91b1e0000 of 64 bytes failed: Only part of a ReadProcessMemory or WriteProcessMemory request was completed. (0x12B)
[0728/024910:WARNING:pe_image_reader.cc(280)] could not read dos header from C:\WINDOWS\SYSTEM32\VERSION.dll
[0728/024910:ERROR:process_reader_win.cc(232)] ReadMemory at 0x7ff91e460000 of 64 bytes failed: Only part of a ReadProcessMemory or WriteProcessMemory request was completed. (0x12B)
[0728/024910:WARNING:pe_image_reader.cc(280)] could not read dos header from C:\WINDOWS\system32\cfgmgr32.dll
[0728/024910:ERROR:process_reader_win.cc(232)] ReadMemory at 0x7ff91b340000 of 64 bytes failed: Only part of a ReadProcessMemory or WriteProcessMemory request was completed. (0x12B)
[0728/024910:WARNING:pe_image_reader.cc(280)] could not read dos header from C:\WINDOWS\SYSTEM32\WINMMBASE.dll
[0728/024910:ERROR:process_reader_win.cc(232)] ReadMemory at 0x7ff91e730000 of 64 bytes failed: Only part of a ReadProcessMemory or WriteProcessMemory request was completed. (0x12B)
[0728/024910:WARNING:pe_image_reader.cc(280)] could not read dos header from C:\WINDOWS\system32\GDI32.dll
[0728/024910:ERROR:process_reader_win.cc(232)] ReadMemory at 0x7ff91f6a0000 of 64 bytes failed: Only part of a ReadProcessMemory or WriteProcessMemory request was completed. (0x12B)
[0728/024910:WARNING:pe_image_reader.cc(280)] could not read dos header from C:\WINDOWS\system32\USER32.dll
[0728/024910:ERROR:process_reader_win.cc(232)] ReadMemory at 0x7ff91f320000 of 64 bytes failed: Only part of a ReadProcessMemory or WriteProcessMemory request was completed. (0x12B)
[0728/024910:WARNING:pe_image_reader.cc(280)] could not read dos header from C:\WINDOWS\system32\IMM32.DLL
[0728/024910:ERROR:process_reader_win.cc(232)] ReadMemory at 0x7ff91b370000 of 64 bytes failed: Only part of a ReadProcessMemory or WriteProcessMemory request was completed. (0x12B)
[0728/024910:WARNING:pe_image_reader.cc(280)] could not read dos header from C:\WINDOWS\SYSTEM32\WINMM.dll
[0728/024910:ERROR:process_reader_win.cc(232)] ReadMemory at 0x7ff91d760000 of 64 bytes failed: Only part of a ReadProcessMemory or WriteProcessMemory request was completed. (0x12B)
[0728/024910:WARNING:pe_image_reader.cc(280)] could not read dos header from C:\WINDOWS\system32\profapi.dll
[0728/024910:ERROR:process_reader_win.cc(232)] ReadMemory at 0x7ff91cf20000 of 64 bytes failed: Only part of a ReadProcessMemory or WriteProcessMemory request was completed. (0x12B)
[0728/024910:WARNING:pe_image_reader.cc(280)] could not read dos header from C:\WINDOWS\SYSTEM32\USERENV.dll
[0728/024910:ERROR:process_reader_win.cc(232)] ReadMemory at 0x7ff91c460000 of 64 bytes failed: Only part of a ReadProcessMemory or WriteProcessMemory request was completed. (0x12B)
[0728/024910:WARNING:pe_image_reader.cc(280)] could not read dos header from C:\WINDOWS\SYSTEM32\WTSAPI32.dll
[0728/024910:ERROR:process_reader_win.cc(232)] ReadMemory at 0x7ff912ac0000 of 64 bytes failed: Only part of a ReadProcessMemory or WriteProcessMemory request was completed. (0x12B)
[0728/024910:WARNING:pe_image_reader.cc(280)] could not read dos header from C:\WINDOWS\SYSTEM32\WINHTTP.dll
[0728/024910:ERROR:process_reader_win.cc(232)] ReadMemory at 0x7ff91f360000 of 64 bytes failed: Only part of a ReadProcessMemory or WriteProcessMemory request was completed. (0x12B)
[0728/024910:WARNING:pe_image_reader.cc(280)] could not read dos header from C:\WINDOWS\system32\combase.dll
[0728/024910:ERROR:process_reader_win.cc(232)] ReadMemory at 0x7ff91f640000 of 64 bytes failed: Only part of a ReadProcessMemory or WriteProcessMemory request was completed. (0x12B)
[0728/024910:WARNING:pe_image_reader.cc(280)] could not read dos header from C:\WINDOWS\system32\shlwapi.dll
[0728/024910:ERROR:process_reader_win.cc(232)] ReadMemory at 0x7ff91d780000 of 64 bytes failed: Only part of a ReadProcessMemory or WriteProcessMemory request was completed. (0x12B)
[0728/024910:WARNING:pe_image_reader.cc(280)] could not read dos header from C:\WINDOWS\system32\kernel.appcore.dll
[0728/024910:ERROR:process_reader_win.cc(232)] ReadMemory at 0x7ff91e200000 of 64 bytes failed: Only part of a ReadProcessMemory or WriteProcessMemory request was completed. (0x12B)
[0728/024910:WARNING:pe_image_reader.cc(280)] could not read dos header from C:\WINDOWS\system32\shcore.dll
[0728/024910:ERROR:process_reader_win.cc(232)] ReadMemory at 0x7ff91d790000 of 64 bytes failed: Only part of a ReadProcessMemory or WriteProcessMemory request was completed. (0x12B)
[0728/024910:WARNING:pe_image_reader.cc(280)] could not read dos header from C:\WINDOWS\system32\powrprof.dll
[0728/024910:ERROR:process_reader_win.cc(232)] ReadMemory at 0x7ff91d9c0000 of 64 bytes failed: Only part of a ReadProcessMemory or WriteProcessMemory request was completed. (0x12B)
[0728/024910:WARNING:pe_image_reader.cc(280)] could not read dos header from C:\WINDOWS\system32\windows.storage.dll
[0728/024910:ERROR:process_reader_win.cc(232)] ReadMemory at 0x7ff91f9c0000 of 64 bytes failed: Only part of a ReadProcessMemory or WriteProcessMemory request was completed. (0x12B)
[0728/024910:WARNING:pe_image_reader.cc(280)] could not read dos header from C:\WINDOWS\system32\SHELL32.dll
[0728/024910:ERROR:process_reader_win.cc(232)] ReadMemory at 0x7ff91f800000 of 64 bytes failed: Only part of a ReadProcessMemory or WriteProcessMemory request was completed. (0x12B)
[0728/024910:WARNING:pe_image_reader.cc(280)] could not read dos header from C:\WINDOWS\system32\PSAPI.DLL
[0728/024910:ERROR:process_reader_win.cc(232)] ReadMemory at 0x7ff91d360000 of 64 bytes failed: Only part of a ReadProcessMemory or WriteProcessMemory request was completed. (0x12B)
[0728/024910:WARNING:pe_image_reader.cc(280)] could not read dos header from C:\WINDOWS\SYSTEM32\bcrypt.dll
[0728/024910:ERROR:process_reader_win.cc(232)] ReadMemory at 0x7ff911240000 of 64 bytes failed: Only part of a ReadProcessMemory or WriteProcessMemory request was completed. (0x12B)
[0728/024910:WARNING:pe_image_reader.cc(280)] could not read dos header from C:\WINDOWS\SYSTEM32\WINSPOOL.DRV
[0728/024910:ERROR:process_reader_win.cc(232)] ReadMemory at 0x7ff90cb00000 of 64 bytes failed: Only part of a ReadProcessMemory or WriteProcessMemory request was completed. (0x12B)
[0728/024910:WARNING:pe_image_reader.cc(280)] could not read dos header from C:\WINDOWS\WinSxS\amd64_microsoft.windows.common-controls_6595b64144ccf1df_6.0.10586.494_none_a2d8b04ea53e3145\COMCTL32.dll
[0728/024910:ERROR:process_reader_win.cc(232)] ReadMemory at 0x7ff91e4b0000 of 64 bytes failed: Only part of a ReadProcessMemory or WriteProcessMemory request was completed. (0x12B)
[0728/024910:WARNING:pe_image_reader.cc(280)] could not read dos header from C:\WINDOWS\system32\FirewallAPI.dll
[0728/024910:ERROR:process_reader_win.cc(232)] ReadMemory at 0x7ff91bee0000 of 64 bytes failed: Only part of a ReadProcessMemory or WriteProcessMemory request was completed. (0x12B)
[0728/024910:WARNING:pe_image_reader.cc(280)] could not read dos header from C:\WINDOWS\system32\fwbase.dll
[0728/024910:ERROR:process_reader_win.cc(232)] ReadMemory at 0x7ff91e440000 of 64 bytes failed: Only part of a ReadProcessMemory or WriteProcessMemory request was completed. (0x12B)
[0728/024910:WARNING:pe_image_reader.cc(280)] could not read dos header from C:\WINDOWS\system32\NETAPI32.dll
[0728/024910:ERROR:process_reader_win.cc(232)] ReadMemory at 0x7ff917770000 of 64 bytes failed: Only part of a ReadProcessMemory or WriteProcessMemory request was completed. (0x12B)
[0728/024910:WARNING:pe_image_reader.cc(280)] could not read dos header from C:\WINDOWS\SYSTEM32\DAVHLPR.DLL
[0728/024910:ERROR:process_reader_win.cc(232)] ReadMemory at 0x7ff91e540000 of 64 bytes failed: Only part of a ReadProcessMemory or WriteProcessMemory request was completed. (0x12B)
[0728/024910:WARNING:pe_image_reader.cc(280)] could not read dos header from C:\WINDOWS\system32\COMDLG32.dll
[0728/024910:ERROR:process_reader_win.cc(232)] ReadMemory at 0x7ff920f20000 of 64 bytes failed: Only part of a ReadProcessMemory or WriteProcessMemory request was completed. (0x12B)
[0728/024910:WARNING:pe_image_reader.cc(280)] could not read dos header from C:\WINDOWS\system32\ole32.dll
[0728/024910:ERROR:process_reader_win.cc(232)] ReadMemory at 0x7ff91e650000 of 64 bytes failed: Only part of a ReadProcessMemory or WriteProcessMemory request was completed. (0x12B)
[0728/024910:WARNING:pe_image_reader.cc(280)] could not read dos header from C:\WINDOWS\system32\OLEAUT32.dll
[0728/024910:ERROR:process_reader_win.cc(232)] ReadMemory at 0x7ff913280000 of 64 bytes failed: Only part of a ReadProcessMemory or WriteProcessMemory request was completed. (0x12B)
[0728/024910:WARNING:pe_image_reader.cc(280)] could not read dos header from C:\WINDOWS\SYSTEM32\IPHLPAPI.DLL
[0728/024910:ERROR:process_reader_win.cc(232)] ReadMemory at 0x7ff91f200000 of 64 bytes failed: Only part of a ReadProcessMemory or WriteProcessMemory request was completed. (0x12B)
[0728/024910:WARNING:pe_image_reader.cc(280)] could not read dos header from C:\WINDOWS\system32\WS2_32.dll
[0728/024910:ERROR:process_reader_win.cc(232)] ReadMemory at 0x7ff921070000 of 64 bytes failed: Only part of a ReadProcessMemory or WriteProcessMemory request was completed. (0x12B)
[0728/024910:WARNING:pe_image_reader.cc(280)] could not read dos header from C:\WINDOWS\system32\USP10.dll
[0728/024910:ERROR:process_reader_win.cc(232)] ReadMemory at 0x7ff91d7e0000 of 64 bytes failed: Only part of a ReadProcessMemory or WriteProcessMemory request was completed. (0x12B)
[0728/024910:WARNING:pe_image_reader.cc(280)] could not read dos header from C:\WINDOWS\system32\MSASN1.dll
[0728/024910:ERROR:process_reader_win.cc(232)] ReadMemory at 0x7ff91d7f0000 of 64 bytes failed: Only part of a ReadProcessMemory or WriteProcessMemory request was completed. (0x12B)
[0728/024910:WARNING:pe_image_reader.cc(280)] could not read dos header from C:\WINDOWS\system32\CRYPT32.dll
[0728/024910:ERROR:process_reader_win.cc(232)] ReadMemory at 0x7ff91e370000 of 64 bytes failed: Only part of a ReadProcessMemory or WriteProcessMemory request was completed. (0x12B)
[0728/024910:WARNING:pe_image_reader.cc(280)] could not read dos header from C:\WINDOWS\system32\WINTRUST.dll
[0728/024910:ERROR:process_reader_win.cc(232)] ReadMemory at 0x7ff91cd00000 of 64 bytes failed: Only part of a ReadProcessMemory or WriteProcessMemory request was completed. (0x12B)
[0728/024910:WARNING:pe_image_reader.cc(280)] could not read dos header from C:\WINDOWS\SYSTEM32\Secur32.dll
[0728/024910:ERROR:process_reader_win.cc(232)] ReadMemory at 0x7ff91d470000 of 64 bytes failed: Only part of a ReadProcessMemory or WriteProcessMemory request was completed. (0x12B)
[0728/024910:WARNING:pe_image_reader.cc(280)] could not read dos header from C:\WINDOWS\SYSTEM32\SSPICLI.DLL
[0728/024910:ERROR:process_reader_win.cc(232)] ReadMemory at 0x7ff8e3ac0000 of 64 bytes failed: Only part of a ReadProcessMemory or WriteProcessMemory request was completed. (0x12B)
[0728/024910:WARNING:pe_image_reader.cc(280)] could not read dos header from C:\Program Files (x86)\Google\Chrome\Application\51.0.2704.106\chrome_child.dll
[0728/024910:ERROR:process_reader_win.cc(232)] ReadMemory at 0x7ff90f2a0000 of 64 bytes failed: Only part of a ReadProcessMemory or WriteProcessMemory request was completed. (0x12B)
[0728/024910:WARNING:pe_image_reader.cc(280)] could not read dos header from C:\WINDOWS\SYSTEM32\dwrite.dll
[0728/024910:ERROR:process_reader_win.cc(232)] ReadMemory at 0x7ff794ae1910 of 12 bytes failed: Only part of a ReadProcessMemory or WriteProcessMemory request was completed. (0x12B)
[0728/024910:WARNING:process_snapshot_win.cc(102)] ReadMemory ExceptionInformation failed
[0728/024910:WARNING:crash_report_exception_handler.cc(60)] ProcessSnapshotWin::InitializeException failed
[0728/024910:ERROR:scoped_process_suspend.cc(38)] NtResumeProcess, ntstatus=-1073741558
